<?xml version="1.0" encoding="UTF-8"?>
<!-- Generated by org.testng.reporters.JUnitReportReporter -->
<testsuite hostname="DESKTOP-RNENIC8" failures="0" tests="4" name="mypackage.Data_base" time="2.681" errors="0" timestamp="2025-01-19T01:27:36 AST" skipped="3">
  <testcase classname="mypackage.Data_base" name="ReadTheUpdatedData" time="2.681"/>
  <system-out/>
  <testcase classname="mypackage.Data_base" name="DeleteCustomer">
    <skipped/>
  </testcase> <!-- DeleteCustomer -->
  <system-out/>
  <testcase classname="mypackage.Data_base" name="UpdateCustomerInfo">
    <skipped/>
  </testcase> <!-- UpdateCustomerInfo -->
  <system-out/>
  <testcase classname="mypackage.Data_base" name="AddNewCustomer">
    <skipped/>
  </testcase> <!-- AddNewCustomer -->
  <system-out/>
</testsuite> <!-- mypackage.Data_base -->
